# JRE version: OpenJDK Runtime Environment (15.0.1+9) (build 15.0.1+9-18)
# Java VM: OpenJDK 64-Bit Server VM (15.0.1+9-18, mixed mode, tiered, compressed oops, g1 gc, windows-amd64)
GC Precious Log:
 CPUs: 8 total, 8 available
 Memory: 8066M
 Large Page Support: Disabled
 NUMA Support: Disabled
 Compressed Oops: Enabled (32-bit)
 Heap Region Size: 1M
 Heap Min Capacity: 8M
 Heap Initial Capacity: 128M
 Heap Max Capacity: 2018M
 Pre-touch: Disabled
 Parallel Workers: 8
 Concurrent Workers: 2
 Concurrent Refinement Workers: 8
 Periodic GC: Disabled
Heap:
 garbage-first heap   total 94208K, used 41369K [0x0000000081e00000, 0x0000000100000000)
  region size 1024K, 13 young (13312K), 6 survivors (6144K)
 Metaspace       used 78323K, capacity 79095K, committed 79316K, reserved 1120256K
  class space    used 9120K, capacity 9375K, committed 9420K, reserved 1048576K
GC Heap History (20 events):
Event: 19.382 GC heap before
{Heap before GC invocations=36 (full 0):
 garbage-first heap   total 77824K, used 62985K [0x0000000081e00000, 0x0000000100000000)
  region size 1024K, 38 young (38912K), 4 survivors (4096K)
 Metaspace       used 66479K, capacity 67002K, committed 67028K, reserved 1107968K
  class space    used 7950K, capacity 8122K, committed 8140K, reserved 1048576K
}
Event: 19.392 GC heap after
{Heap after GC invocations=37 (full 0):
 garbage-first heap   total 77824K, used 30224K [0x0000000081e00000, 0x0000000100000000)
  region size 1024K, 4 young (4096K), 4 survivors (4096K)
 Metaspace       used 66479K, capacity 67002K, committed 67028K, reserved 1107968K
  class space    used 7950K, capacity 8122K, committed 8140K, reserved 1048576K
}
Event: 20.242 GC heap before
{Heap before GC invocations=37 (full 0):
 garbage-first heap   total 77824K, used 64016K [0x0000000081e00000, 0x0000000100000000)
  region size 1024K, 37 young (37888K), 4 survivors (4096K)
 Metaspace       used 68051K, capacity 68630K, committed 68820K, reserved 1110016K
  class space    used 8130K, capacity 8296K, committed 8396K, reserved 1048576K
}
Event: 20.254 GC heap after
{Heap after GC invocations=38 (full 0):
 garbage-first heap   total 94208K, used 32015K [0x0000000081e00000, 0x0000000100000000)
  region size 1024K, 5 young (5120K), 5 survivors (5120K)
 Metaspace       used 68051K, capacity 68630K, committed 68820K, reserved 1110016K
  class space    used 8130K, capacity 8296K, committed 8396K, reserved 1048576K
}
Event: 20.978 GC heap before
{Heap before GC invocations=38 (full 0):
 garbage-first heap   total 94208K, used 76047K [0x0000000081e00000, 0x0000000100000000)
  region size 1024K, 48 young (49152K), 5 survivors (5120K)
 Metaspace       used 68485K, capacity 69106K, committed 69332K, reserved 1110016K
  class space    used 8155K, capacity 8341K, committed 8396K, reserved 1048576K
}
Event: 20.987 GC heap after
{Heap after GC invocations=39 (full 0):
 garbage-first heap   total 94208K, used 33231K [0x0000000081e00000, 0x0000000100000000)
  region size 1024K, 5 young (5120K), 5 survivors (5120K)
 Metaspace       used 68485K, capacity 69106K, committed 69332K, reserved 1110016K
  class space    used 8155K, capacity 8341K, committed 8396K, reserved 1048576K
}
Event: 22.069 GC heap before
{Heap before GC invocations=39 (full 0):
 garbage-first heap   total 94208K, used 77263K [0x0000000081e00000, 0x0000000100000000)
  region size 1024K, 48 young (49152K), 5 survivors (5120K)
 Metaspace       used 69344K, capacity 69964K, committed 70228K, reserved 1112064K
  class space    used 8231K, capacity 8422K, committed 8524K, reserved 1048576K
}
Event: 22.077 GC heap after
{Heap after GC invocations=40 (full 0):
 garbage-first heap   total 94208K, used 34245K [0x0000000081e00000, 0x0000000100000000)
  region size 1024K, 4 young (4096K), 4 survivors (4096K)
 Metaspace       used 69344K, capacity 69964K, committed 70228K, reserved 1112064K
  class space    used 8231K, capacity 8422K, committed 8524K, reserved 1048576K
}
Event: 45.668 GC heap before
{Heap before GC invocations=40 (full 0):
 garbage-first heap   total 94208K, used 78277K [0x0000000081e00000, 0x0000000100000000)
  region size 1024K, 47 young (48128K), 4 survivors (4096K)
 Metaspace       used 72986K, capacity 73654K, committed 73684K, reserved 1114112K
  class space    used 8644K, capacity 8880K, committed 8908K, reserved 1048576K
}
Event: 45.678 GC heap after
{Heap after GC invocations=41 (full 0):
 garbage-first heap   total 94208K, used 35632K [0x0000000081e00000, 0x0000000100000000)
  region size 1024K, 4 young (4096K), 4 survivors (4096K)
 Metaspace       used 72986K, capacity 73654K, committed 73684K, reserved 1114112K
  class space    used 8644K, capacity 8880K, committed 8908K, reserved 1048576K
}
Event: 163.924 GC heap before
{Heap before GC invocations=41 (full 0):
 garbage-first heap   total 94208K, used 76592K [0x0000000081e00000, 0x0000000100000000)
  region size 1024K, 45 young (46080K), 4 survivors (4096K)
 Metaspace       used 75818K, capacity 76468K, committed 76628K, reserved 1116160K
  class space    used 8956K, capacity 9176K, committed 9292K, reserved 1048576K
}
Event: 163.930 GC heap after
{Heap after GC invocations=42 (full 0):
 garbage-first heap   total 94208K, used 35787K [0x0000000081e00000, 0x0000000100000000)
  region size 1024K, 3 young (3072K), 3 survivors (3072K)
 Metaspace       used 75818K, capacity 76468K, committed 76628K, reserved 1116160K
  class space    used 8956K, capacity 9176K, committed 9292K, reserved 1048576K
}
Event: 273.340 GC heap before
{Heap before GC invocations=42 (full 0):
 garbage-first heap   total 94208K, used 52171K [0x0000000081e00000, 0x0000000100000000)
  region size 1024K, 20 young (20480K), 3 survivors (3072K)
 Metaspace       used 75983K, capacity 76634K, committed 76884K, reserved 1118208K
  class space    used 8978K, capacity 9210K, committed 9292K, reserved 1048576K
}
Event: 273.424 GC heap after
{Heap after GC invocations=43 (full 1):
 garbage-first heap   total 94208K, used 26581K [0x0000000081e00000, 0x0000000100000000)
  region size 1024K, 0 young (0K), 0 survivors (0K)
 Metaspace       used 75983K, capacity 76634K, committed 76884K, reserved 1118208K
  class space    used 8978K, capacity 9210K, committed 9292K, reserved 1048576K
}
Event: 275.596 GC heap before
{Heap before GC invocations=43 (full 1):
 garbage-first heap   total 94208K, used 74709K [0x0000000081e00000, 0x0000000100000000)
  region size 1024K, 48 young (49152K), 0 survivors (0K)
 Metaspace       used 76717K, capacity 77450K, committed 77780K, reserved 1118208K
  class space    used 9036K, capacity 9289K, committed 9420K, reserved 1048576K
}
Event: 275.602 GC heap after
{Heap after GC invocations=44 (full 1):
 garbage-first heap   total 94208K, used 30149K [0x0000000081e00000, 0x0000000100000000)
  region size 1024K, 4 young (4096K), 4 survivors (4096K)
 Metaspace       used 76717K, capacity 77450K, committed 77780K, reserved 1118208K
  class space    used 9036K, capacity 9289K, committed 9420K, reserved 1048576K
}
Event: 275.750 GC heap before
{Heap before GC invocations=44 (full 1):
 garbage-first heap   total 94208K, used 73157K [0x0000000081e00000, 0x0000000100000000)
  region size 1024K, 47 young (48128K), 4 survivors (4096K)
 Metaspace       used 76745K, capacity 77514K, committed 77780K, reserved 1118208K
  class space    used 9037K, capacity 9289K, committed 9420K, reserved 1048576K
}
Event: 275.757 GC heap after
{Heap after GC invocations=45 (full 1):
 garbage-first heap   total 94208K, used 30444K [0x0000000081e00000, 0x0000000100000000)
  region size 1024K, 1 young (1024K), 1 survivors (1024K)
 Metaspace       used 76745K, capacity 77514K, committed 77780K, reserved 1118208K
  class space    used 9037K, capacity 9289K, committed 9420K, reserved 1048576K
}
Event: 276.801 GC heap before
{Heap before GC invocations=45 (full 1):
 garbage-first heap   total 94208K, used 74476K [0x0000000081e00000, 0x0000000100000000)
  region size 1024K, 44 young (45056K), 1 survivors (1024K)
 Metaspace       used 77908K, capacity 78735K, committed 78804K, reserved 1118208K
  class space    used 9101K, capacity 9365K, committed 9420K, reserved 1048576K
}
Event: 276.808 GC heap after
{Heap after GC invocations=46 (full 1):
 garbage-first heap   total 94208K, used 32993K [0x0000000081e00000, 0x0000000100000000)
  region size 1024K, 4 young (4096K), 4 survivors (4096K)
 Metaspace       used 77908K, capacity 78735K, committed 78804K, reserved 1118208K
  class space    used 9101K, capacity 9365K, committed 9420K, reserved 1048576K
}

