# JRE version: OpenJDK Runtime Environment (15.0.1+9) (build 15.0.1+9-18)
# Java VM: OpenJDK 64-Bit Server VM (15.0.1+9-18, mixed mode, tiered, compressed oops, g1 gc, windows-amd64)
GC Precious Log:
 CPUs: 8 total, 8 available
 Memory: 8066M
 Large Page Support: Disabled
 NUMA Support: Disabled
 Compressed Oops: Enabled (32-bit)
 Heap Region Size: 1M
 Heap Min Capacity: 8M
 Heap Initial Capacity: 128M
 Heap Max Capacity: 2018M
 Pre-touch: Disabled
 Parallel Workers: 8
 Concurrent Workers: 2
 Concurrent Refinement Workers: 8
 Periodic GC: Disabled
Heap:
 garbage-first heap   total 89088K, used 26456K [0x0000000081e00000, 0x0000000100000000)
  region size 1024K, 3 young (3072K), 3 survivors (3072K)
 Metaspace       used 59580K, capacity 60088K, committed 60240K, reserved 1101824K
  class space    used 7023K, capacity 7146K, committed 7168K, reserved 1048576K
GC Heap History (20 events):
Event: 8.147 GC heap before
{Heap before GC invocations=13 (full 0):
 garbage-first heap   total 61440K, used 47464K [0x0000000081e00000, 0x0000000100000000)
  region size 1024K, 36 young (36864K), 4 survivors (4096K)
 Metaspace       used 37496K, capacity 37936K, committed 38224K, reserved 1083392K
  class space    used 4162K, capacity 4294K, committed 4352K, reserved 1048576K
}
Event: 8.156 GC heap after
{Heap after GC invocations=14 (full 0):
 garbage-first heap   total 61440K, used 16828K [0x0000000081e00000, 0x0000000100000000)
  region size 1024K, 4 young (4096K), 4 survivors (4096K)
 Metaspace       used 37496K, capacity 37936K, committed 38224K, reserved 1083392K
  class space    used 4162K, capacity 4294K, committed 4352K, reserved 1048576K
}
Event: 8.236 GC heap before
{Heap before GC invocations=14 (full 0):
 garbage-first heap   total 61440K, used 46524K [0x0000000081e00000, 0x0000000100000000)
  region size 1024K, 34 young (34816K), 4 survivors (4096K)
 Metaspace       used 37707K, capacity 38064K, committed 38224K, reserved 1083392K
  class space    used 4184K, capacity 4294K, committed 4352K, reserved 1048576K
}
Event: 8.242 GC heap after
{Heap after GC invocations=15 (full 0):
 garbage-first heap   total 61440K, used 17213K [0x0000000081e00000, 0x0000000100000000)
  region size 1024K, 2 young (2048K), 2 survivors (2048K)
 Metaspace       used 37707K, capacity 38064K, committed 38224K, reserved 1083392K
  class space    used 4184K, capacity 4294K, committed 4352K, reserved 1048576K
}
Event: 8.371 GC heap before
{Heap before GC invocations=15 (full 0):
 garbage-first heap   total 61440K, used 47933K [0x0000000081e00000, 0x0000000100000000)
  region size 1024K, 33 young (33792K), 2 survivors (2048K)
 Metaspace       used 38232K, capacity 38672K, committed 38864K, reserved 1083392K
  class space    used 4224K, capacity 4390K, committed 4480K, reserved 1048576K
}
Event: 8.375 GC heap after
{Heap after GC invocations=16 (full 0):
 garbage-first heap   total 61440K, used 17306K [0x0000000081e00000, 0x0000000100000000)
  region size 1024K, 2 young (2048K), 2 survivors (2048K)
 Metaspace       used 38232K, capacity 38672K, committed 38864K, reserved 1083392K
  class space    used 4224K, capacity 4390K, committed 4480K, reserved 1048576K
}
Event: 8.966 GC heap before
{Heap before GC invocations=16 (full 0):
 garbage-first heap   total 61440K, used 48026K [0x0000000081e00000, 0x0000000100000000)
  region size 1024K, 33 young (33792K), 2 survivors (2048K)
 Metaspace       used 40078K, capacity 40479K, committed 40528K, reserved 1085440K
  class space    used 4444K, capacity 4587K, committed 4608K, reserved 1048576K
}
Event: 8.972 GC heap after
{Heap after GC invocations=17 (full 0):
 garbage-first heap   total 61440K, used 17761K [0x0000000081e00000, 0x0000000100000000)
  region size 1024K, 3 young (3072K), 3 survivors (3072K)
 Metaspace       used 40078K, capacity 40479K, committed 40528K, reserved 1085440K
  class space    used 4444K, capacity 4587K, committed 4608K, reserved 1048576K
}
Event: 10.049 GC heap before
{Heap before GC invocations=17 (full 0):
 garbage-first heap   total 61440K, used 49505K [0x0000000081e00000, 0x0000000100000000)
  region size 1024K, 34 young (34816K), 3 survivors (3072K)
 Metaspace       used 43339K, capacity 43745K, committed 43984K, reserved 1089536K
  class space    used 4821K, capacity 4948K, committed 4992K, reserved 1048576K
}
Event: 10.055 GC heap after
{Heap after GC invocations=18 (full 0):
 garbage-first heap   total 61440K, used 19222K [0x0000000081e00000, 0x0000000100000000)
  region size 1024K, 4 young (4096K), 4 survivors (4096K)
 Metaspace       used 43339K, capacity 43745K, committed 43984K, reserved 1089536K
  class space    used 4821K, capacity 4948K, committed 4992K, reserved 1048576K
}
Event: 10.718 GC heap before
{Heap before GC invocations=18 (full 0):
 garbage-first heap   total 61440K, used 47894K [0x0000000081e00000, 0x0000000100000000)
  region size 1024K, 33 young (33792K), 4 survivors (4096K)
 Metaspace       used 45756K, capacity 46175K, committed 46288K, reserved 1091584K
  class space    used 5114K, capacity 5241K, committed 5248K, reserved 1048576K
}
Event: 10.727 GC heap after
{Heap after GC invocations=19 (full 0):
 garbage-first heap   total 61440K, used 20228K [0x0000000081e00000, 0x0000000100000000)
  region size 1024K, 4 young (4096K), 4 survivors (4096K)
 Metaspace       used 45756K, capacity 46175K, committed 46288K, reserved 1091584K
  class space    used 5114K, capacity 5241K, committed 5248K, reserved 1048576K
}
Event: 11.159 GC heap before
{Heap before GC invocations=19 (full 0):
 garbage-first heap   total 61440K, used 48900K [0x0000000081e00000, 0x0000000100000000)
  region size 1024K, 32 young (32768K), 4 survivors (4096K)
 Metaspace       used 48086K, capacity 48535K, committed 48720K, reserved 1093632K
  class space    used 5467K, capacity 5597K, committed 5632K, reserved 1048576K
}
Event: 11.166 GC heap after
{Heap after GC invocations=20 (full 0):
 garbage-first heap   total 73728K, used 21057K [0x0000000081e00000, 0x0000000100000000)
  region size 1024K, 3 young (3072K), 3 survivors (3072K)
 Metaspace       used 48086K, capacity 48535K, committed 48720K, reserved 1093632K
  class space    used 5467K, capacity 5597K, committed 5632K, reserved 1048576K
}
Event: 11.873 GC heap before
{Heap before GC invocations=20 (full 0):
 garbage-first heap   total 73728K, used 55873K [0x0000000081e00000, 0x0000000100000000)
  region size 1024K, 38 young (38912K), 3 survivors (3072K)
 Metaspace       used 51298K, capacity 51761K, committed 51792K, reserved 1095680K
  class space    used 5973K, capacity 6132K, committed 6144K, reserved 1048576K
}
Event: 11.880 GC heap after
{Heap after GC invocations=21 (full 0):
 garbage-first heap   total 73728K, used 22220K [0x0000000081e00000, 0x0000000100000000)
  region size 1024K, 4 young (4096K), 4 survivors (4096K)
 Metaspace       used 51298K, capacity 51761K, committed 51792K, reserved 1095680K
  class space    used 5973K, capacity 6132K, committed 6144K, reserved 1048576K
}
Event: 12.706 GC heap before
{Heap before GC invocations=21 (full 0):
 garbage-first heap   total 73728K, used 58060K [0x0000000081e00000, 0x0000000100000000)
  region size 1024K, 39 young (39936K), 4 survivors (4096K)
 Metaspace       used 54019K, capacity 54511K, committed 54736K, reserved 1097728K
  class space    used 6302K, capacity 6426K, committed 6528K, reserved 1048576K
}
Event: 12.715 GC heap after
{Heap after GC invocations=22 (full 0):
 garbage-first heap   total 73728K, used 23941K [0x0000000081e00000, 0x0000000100000000)
  region size 1024K, 4 young (4096K), 4 survivors (4096K)
 Metaspace       used 54019K, capacity 54511K, committed 54736K, reserved 1097728K
  class space    used 6302K, capacity 6426K, committed 6528K, reserved 1048576K
}
Event: 13.488 GC heap before
{Heap before GC invocations=22 (full 0):
 garbage-first heap   total 73728K, used 58757K [0x0000000081e00000, 0x0000000100000000)
  region size 1024K, 38 young (38912K), 4 survivors (4096K)
 Metaspace       used 56682K, capacity 57152K, committed 57424K, reserved 1099776K
  class space    used 6637K, capacity 6786K, committed 6912K, reserved 1048576K
}
Event: 13.497 GC heap after
{Heap after GC invocations=23 (full 0):
 garbage-first heap   total 73728K, used 25659K [0x0000000081e00000, 0x0000000100000000)
  region size 1024K, 4 young (4096K), 4 survivors (4096K)
 Metaspace       used 56682K, capacity 57152K, committed 57424K, reserved 1099776K
  class space    used 6637K, capacity 6786K, committed 6912K, reserved 1048576K
}

